mode: set
github.com/derickschaefer/goisl/cli.go:38.119,44.2 2 0
github.com/derickschaefer/goisl/cli.go:47.53,49.2 1 0
github.com/derickschaefer/goisl/cli.go:52.48,54.16 2 0
github.com/derickschaefer/goisl/cli.go:54.16,55.52 1 0
github.com/derickschaefer/goisl/cli.go:57.2,57.12 1 0
github.com/derickschaefer/goisl/cli.go:68.107,74.2 2 0
github.com/derickschaefer/goisl/cli.go:77.42,79.2 1 0
github.com/derickschaefer/goisl/cli.go:82.46,84.2 1 0
github.com/derickschaefer/goisl/common.go:33.71,34.44 1 0
github.com/derickschaefer/goisl/common.go:34.44,35.42 1 0
github.com/derickschaefer/goisl/common.go:35.42,37.4 1 0
github.com/derickschaefer/goisl/common.go:39.2,39.14 1 0
github.com/derickschaefer/goisl/emailsanitize.go:42.55,44.2 1 0
github.com/derickschaefer/goisl/emailsanitize.go:47.50,49.16 2 0
github.com/derickschaefer/goisl/emailsanitize.go:49.16,50.53 1 0
github.com/derickschaefer/goisl/emailsanitize.go:52.2,52.15 1 0
github.com/derickschaefer/goisl/emailsanitize.go:56.66,60.20 2 0
github.com/derickschaefer/goisl/emailsanitize.go:60.20,62.3 1 0
github.com/derickschaefer/goisl/emailsanitize.go:65.2,66.17 2 0
github.com/derickschaefer/goisl/emailsanitize.go:66.17,68.3 1 0
github.com/derickschaefer/goisl/emailsanitize.go:71.2,77.16 5 0
github.com/derickschaefer/goisl/emailsanitize.go:77.16,79.3 1 0
github.com/derickschaefer/goisl/emailsanitize.go:82.2,83.16 2 0
github.com/derickschaefer/goisl/emailsanitize.go:83.16,85.3 1 0
github.com/derickschaefer/goisl/emailsanitize.go:88.2,88.17 1 0
github.com/derickschaefer/goisl/emailsanitize.go:88.17,90.17 2 0
github.com/derickschaefer/goisl/emailsanitize.go:90.17,92.4 1 0
github.com/derickschaefer/goisl/emailsanitize.go:96.2,96.34 1 0
github.com/derickschaefer/goisl/emailsanitize.go:100.54,102.70 1 0
github.com/derickschaefer/goisl/emailsanitize.go:102.70,107.34 4 0
github.com/derickschaefer/goisl/emailsanitize.go:107.34,109.4 1 0
github.com/derickschaefer/goisl/emailsanitize.go:110.3,110.28 1 0
github.com/derickschaefer/goisl/emailsanitize.go:114.2,116.19 3 0
github.com/derickschaefer/goisl/emailsanitize.go:116.19,118.3 1 0
github.com/derickschaefer/goisl/emailsanitize.go:121.2,126.19 3 0
github.com/derickschaefer/goisl/emailsanitize.go:126.19,128.3 1 0
github.com/derickschaefer/goisl/emailsanitize.go:130.2,130.21 1 0
github.com/derickschaefer/goisl/emailsanitize.go:134.56,140.18 3 0
github.com/derickschaefer/goisl/emailsanitize.go:140.18,142.3 1 0
github.com/derickschaefer/goisl/emailsanitize.go:145.2,146.25 2 0
github.com/derickschaefer/goisl/emailsanitize.go:146.25,148.3 1 0
github.com/derickschaefer/goisl/emailsanitize.go:150.2,150.33 1 0
github.com/derickschaefer/goisl/emailsanitize.go:150.33,153.26 2 0
github.com/derickschaefer/goisl/emailsanitize.go:153.26,155.4 1 0
github.com/derickschaefer/goisl/emailsanitize.go:158.2,158.43 1 0
github.com/derickschaefer/goisl/escape.go:50.69,62.17 5 0
github.com/derickschaefer/goisl/escape.go:62.17,65.3 2 0
github.com/derickschaefer/goisl/escape.go:68.2,79.14 5 0
github.com/derickschaefer/goisl/escape.go:83.42,92.2 2 0
github.com/derickschaefer/goisl/escape.go:96.76,102.17 3 0
github.com/derickschaefer/goisl/escape.go:102.17,104.3 1 0
github.com/derickschaefer/goisl/escape.go:107.2,108.16 2 0
github.com/derickschaefer/goisl/escape.go:108.16,110.3 1 0
github.com/derickschaefer/goisl/escape.go:113.2,113.25 1 0
github.com/derickschaefer/goisl/escape.go:113.25,114.102 1 0
github.com/derickschaefer/goisl/escape.go:114.102,117.4 1 0
github.com/derickschaefer/goisl/escape.go:118.3,120.17 3 0
github.com/derickschaefer/goisl/escape.go:120.17,122.4 1 0
github.com/derickschaefer/goisl/escape.go:126.2,131.43 4 0
github.com/derickschaefer/goisl/escape.go:131.43,133.3 1 0
github.com/derickschaefer/goisl/escape.go:136.2,136.17 1 0
github.com/derickschaefer/goisl/escape.go:136.17,138.17 2 0
github.com/derickschaefer/goisl/escape.go:138.17,140.4 1 0
github.com/derickschaefer/goisl/escape.go:144.2,144.56 1 0
github.com/derickschaefer/goisl/escape.go:144.56,146.3 1 0
github.com/derickschaefer/goisl/escape.go:149.2,150.47 2 0
github.com/derickschaefer/goisl/escape.go:150.47,152.3 1 0
github.com/derickschaefer/goisl/escape.go:155.2,155.27 1 0
github.com/derickschaefer/goisl/escape.go:155.27,157.3 1 0
github.com/derickschaefer/goisl/escape.go:160.2,161.26 2 0
github.com/derickschaefer/goisl/escape.go:161.26,164.3 1 0
github.com/derickschaefer/goisl/escape.go:167.2,170.22 3 0
github.com/derickschaefer/goisl/escape.go:174.53,175.30 1 0
github.com/derickschaefer/goisl/escape.go:175.30,178.34 3 0
github.com/derickschaefer/goisl/escape.go:178.34,179.33 1 0
github.com/derickschaefer/goisl/escape.go:179.33,182.19 2 0
github.com/derickschaefer/goisl/escape.go:182.19,184.6 1 0
github.com/derickschaefer/goisl/escape.go:187.5,193.54 3 0
github.com/derickschaefer/goisl/escape.go:197.3,197.48 1 0
github.com/derickschaefer/goisl/escape.go:199.2,199.12 1 0
github.com/derickschaefer/goisl/filesanitize.go:51.58,53.2 1 0
github.com/derickschaefer/goisl/filesanitize.go:56.53,58.16 2 0
github.com/derickschaefer/goisl/filesanitize.go:58.16,59.57 1 0
github.com/derickschaefer/goisl/filesanitize.go:61.2,61.15 1 0
github.com/derickschaefer/goisl/filesanitize.go:91.72,129.36 11 0
github.com/derickschaefer/goisl/filesanitize.go:129.36,131.3 1 0
github.com/derickschaefer/goisl/filesanitize.go:134.2,134.35 1 0
github.com/derickschaefer/goisl/filesanitize.go:134.35,136.3 1 0
github.com/derickschaefer/goisl/filesanitize.go:139.2,139.35 1 0
github.com/derickschaefer/goisl/filesanitize.go:139.35,141.3 1 0
github.com/derickschaefer/goisl/filesanitize.go:144.2,144.17 1 0
github.com/derickschaefer/goisl/filesanitize.go:144.17,146.17 2 0
github.com/derickschaefer/goisl/filesanitize.go:146.17,148.4 1 0
github.com/derickschaefer/goisl/filesanitize.go:149.3,149.20 1 0
github.com/derickschaefer/goisl/filesanitize.go:153.2,153.48 1 0
github.com/derickschaefer/goisl/filesanitize.go:153.48,155.3 1 0
github.com/derickschaefer/goisl/filesanitize.go:157.2,157.19 1 0
github.com/derickschaefer/goisl/filesanitize.go:161.41,162.72 1 0
github.com/derickschaefer/goisl/filesanitize.go:162.72,164.3 1 0
github.com/derickschaefer/goisl/filesanitize.go:165.2,166.16 2 0
github.com/derickschaefer/goisl/filesanitize.go:166.16,169.3 1 0
github.com/derickschaefer/goisl/filesanitize.go:170.2,170.15 1 0
github.com/derickschaefer/goisl/htmlsanitize.go:50.47,52.2 1 0
github.com/derickschaefer/goisl/htmlsanitize.go:55.51,57.2 1 0
github.com/derickschaefer/goisl/htmlsanitize.go:60.75,71.2 4 0
github.com/derickschaefer/goisl/htmlsanitize.go:74.45,76.2 1 0
github.com/derickschaefer/goisl/htmlsanitize.go:79.69,84.33 2 0
github.com/derickschaefer/goisl/htmlsanitize.go:84.33,86.3 1 0
github.com/derickschaefer/goisl/htmlsanitize.go:88.2,88.16 1 0
github.com/derickschaefer/goisl/htmlsanitize.go:92.47,96.23 3 0
github.com/derickschaefer/goisl/htmlsanitize.go:96.23,97.24 1 0
github.com/derickschaefer/goisl/htmlsanitize.go:97.24,103.45 2 0
github.com/derickschaefer/goisl/htmlsanitize.go:103.45,105.5 1 0
github.com/derickschaefer/goisl/htmlsanitize.go:107.4,107.47 1 0
github.com/derickschaefer/goisl/htmlsanitize.go:107.47,111.5 2 0
github.com/derickschaefer/goisl/htmlsanitize.go:111.10,115.5 2 0
github.com/derickschaefer/goisl/htmlsanitize.go:116.9,120.4 2 0
github.com/derickschaefer/goisl/htmlsanitize.go:123.2,123.24 1 0
github.com/derickschaefer/goisl/htmlsanitize.go:126.47,129.2 1 0
github.com/derickschaefer/goisl/htmlsanitize.go:131.51,134.2 1 0
github.com/derickschaefer/goisl/htmlsanitize.go:136.47,139.2 1 0
github.com/derickschaefer/goisl/htmlsanitize.go:142.75,146.72 2 0
github.com/derickschaefer/goisl/htmlsanitize.go:146.72,149.50 2 0
github.com/derickschaefer/goisl/htmlsanitize.go:149.50,151.4 1 0
github.com/derickschaefer/goisl/htmlsanitize.go:153.3,153.12 1 0
github.com/derickschaefer/goisl/htmlsanitize.go:157.74,160.2 1 0
github.com/derickschaefer/goisl/urlsanitize.go:33.53,35.2 1 0
github.com/derickschaefer/goisl/urlsanitize.go:38.48,40.16 2 0
github.com/derickschaefer/goisl/urlsanitize.go:40.16,41.51 1 0
github.com/derickschaefer/goisl/urlsanitize.go:43.2,43.15 1 0
github.com/derickschaefer/goisl/urlsanitize.go:47.48,50.2 1 0
github.com/derickschaefer/goisl/cli.go:38.119,44.2 2 1
github.com/derickschaefer/goisl/cli.go:47.53,49.2 1 1
github.com/derickschaefer/goisl/cli.go:52.48,54.16 2 1
github.com/derickschaefer/goisl/cli.go:54.16,55.52 1 1
github.com/derickschaefer/goisl/cli.go:57.2,57.12 1 0
github.com/derickschaefer/goisl/cli.go:68.107,74.2 2 1
github.com/derickschaefer/goisl/cli.go:77.42,79.2 1 1
github.com/derickschaefer/goisl/cli.go:82.46,84.2 1 1
github.com/derickschaefer/goisl/common.go:33.71,34.44 1 0
github.com/derickschaefer/goisl/common.go:34.44,35.42 1 0
github.com/derickschaefer/goisl/common.go:35.42,37.4 1 0
github.com/derickschaefer/goisl/common.go:39.2,39.14 1 0
github.com/derickschaefer/goisl/emailsanitize.go:42.55,44.2 1 1
github.com/derickschaefer/goisl/emailsanitize.go:47.50,49.16 2 1
github.com/derickschaefer/goisl/emailsanitize.go:49.16,50.53 1 1
github.com/derickschaefer/goisl/emailsanitize.go:52.2,52.15 1 1
github.com/derickschaefer/goisl/emailsanitize.go:56.66,60.20 2 1
github.com/derickschaefer/goisl/emailsanitize.go:60.20,62.3 1 1
github.com/derickschaefer/goisl/emailsanitize.go:65.2,66.17 2 1
github.com/derickschaefer/goisl/emailsanitize.go:66.17,68.3 1 1
github.com/derickschaefer/goisl/emailsanitize.go:71.2,77.16 5 1
github.com/derickschaefer/goisl/emailsanitize.go:77.16,79.3 1 0
github.com/derickschaefer/goisl/emailsanitize.go:82.2,83.16 2 1
github.com/derickschaefer/goisl/emailsanitize.go:83.16,85.3 1 1
github.com/derickschaefer/goisl/emailsanitize.go:88.2,88.17 1 1
github.com/derickschaefer/goisl/emailsanitize.go:88.17,90.17 2 1
github.com/derickschaefer/goisl/emailsanitize.go:90.17,92.4 1 1
github.com/derickschaefer/goisl/emailsanitize.go:96.2,96.34 1 1
github.com/derickschaefer/goisl/emailsanitize.go:100.54,102.70 1 1
github.com/derickschaefer/goisl/emailsanitize.go:102.70,107.34 4 1
github.com/derickschaefer/goisl/emailsanitize.go:107.34,109.4 1 0
github.com/derickschaefer/goisl/emailsanitize.go:110.3,110.28 1 1
github.com/derickschaefer/goisl/emailsanitize.go:114.2,116.19 3 1
github.com/derickschaefer/goisl/emailsanitize.go:116.19,118.3 1 0
github.com/derickschaefer/goisl/emailsanitize.go:121.2,126.19 3 1
github.com/derickschaefer/goisl/emailsanitize.go:126.19,128.3 1 0
github.com/derickschaefer/goisl/emailsanitize.go:130.2,130.21 1 1
github.com/derickschaefer/goisl/emailsanitize.go:134.56,140.18 3 1
github.com/derickschaefer/goisl/emailsanitize.go:140.18,142.3 1 0
github.com/derickschaefer/goisl/emailsanitize.go:145.2,146.25 2 1
github.com/derickschaefer/goisl/emailsanitize.go:146.25,148.3 1 1
github.com/derickschaefer/goisl/emailsanitize.go:150.2,150.33 1 1
github.com/derickschaefer/goisl/emailsanitize.go:150.33,153.26 2 1
github.com/derickschaefer/goisl/emailsanitize.go:153.26,155.4 1 0
github.com/derickschaefer/goisl/emailsanitize.go:158.2,158.43 1 1
github.com/derickschaefer/goisl/escape.go:50.69,62.17 5 1
github.com/derickschaefer/goisl/escape.go:62.17,65.3 2 1
github.com/derickschaefer/goisl/escape.go:68.2,79.14 5 1
github.com/derickschaefer/goisl/escape.go:83.42,92.2 2 1
github.com/derickschaefer/goisl/escape.go:96.76,102.17 3 1
github.com/derickschaefer/goisl/escape.go:102.17,104.3 1 1
github.com/derickschaefer/goisl/escape.go:107.2,108.16 2 1
github.com/derickschaefer/goisl/escape.go:108.16,110.3 1 1
github.com/derickschaefer/goisl/escape.go:113.2,113.25 1 1
github.com/derickschaefer/goisl/escape.go:113.25,114.102 1 1
github.com/derickschaefer/goisl/escape.go:114.102,117.4 1 1
github.com/derickschaefer/goisl/escape.go:118.3,120.17 3 0
github.com/derickschaefer/goisl/escape.go:120.17,122.4 1 0
github.com/derickschaefer/goisl/escape.go:126.2,131.43 4 1
github.com/derickschaefer/goisl/escape.go:131.43,133.3 1 1
github.com/derickschaefer/goisl/escape.go:136.2,136.17 1 1
github.com/derickschaefer/goisl/escape.go:136.17,138.17 2 1
github.com/derickschaefer/goisl/escape.go:138.17,140.4 1 0
github.com/derickschaefer/goisl/escape.go:144.2,144.56 1 1
github.com/derickschaefer/goisl/escape.go:144.56,146.3 1 0
github.com/derickschaefer/goisl/escape.go:149.2,150.47 2 1
github.com/derickschaefer/goisl/escape.go:150.47,152.3 1 1
github.com/derickschaefer/goisl/escape.go:155.2,155.27 1 1
github.com/derickschaefer/goisl/escape.go:155.27,157.3 1 1
github.com/derickschaefer/goisl/escape.go:160.2,161.26 2 1
github.com/derickschaefer/goisl/escape.go:161.26,164.3 1 1
github.com/derickschaefer/goisl/escape.go:167.2,170.22 3 1
github.com/derickschaefer/goisl/escape.go:174.53,175.30 1 1
github.com/derickschaefer/goisl/escape.go:175.30,178.34 3 1
github.com/derickschaefer/goisl/escape.go:178.34,179.33 1 1
github.com/derickschaefer/goisl/escape.go:179.33,182.19 2 1
github.com/derickschaefer/goisl/escape.go:182.19,184.6 1 0
github.com/derickschaefer/goisl/escape.go:187.5,193.54 3 1
github.com/derickschaefer/goisl/escape.go:197.3,197.48 1 1
github.com/derickschaefer/goisl/escape.go:199.2,199.12 1 1
github.com/derickschaefer/goisl/filesanitize.go:51.58,53.2 1 1
github.com/derickschaefer/goisl/filesanitize.go:56.53,58.16 2 1
github.com/derickschaefer/goisl/filesanitize.go:58.16,59.57 1 1
github.com/derickschaefer/goisl/filesanitize.go:61.2,61.15 1 1
github.com/derickschaefer/goisl/filesanitize.go:91.72,129.36 11 1
github.com/derickschaefer/goisl/filesanitize.go:129.36,131.3 1 1
github.com/derickschaefer/goisl/filesanitize.go:134.2,134.35 1 1
github.com/derickschaefer/goisl/filesanitize.go:134.35,136.3 1 1
github.com/derickschaefer/goisl/filesanitize.go:139.2,139.35 1 1
github.com/derickschaefer/goisl/filesanitize.go:139.35,141.3 1 0
github.com/derickschaefer/goisl/filesanitize.go:144.2,144.17 1 1
github.com/derickschaefer/goisl/filesanitize.go:144.17,146.17 2 1
github.com/derickschaefer/goisl/filesanitize.go:146.17,148.4 1 1
github.com/derickschaefer/goisl/filesanitize.go:149.3,149.20 1 1
github.com/derickschaefer/goisl/filesanitize.go:153.2,153.48 1 1
github.com/derickschaefer/goisl/filesanitize.go:153.48,155.3 1 0
github.com/derickschaefer/goisl/filesanitize.go:157.2,157.19 1 1
github.com/derickschaefer/goisl/filesanitize.go:161.41,162.72 1 1
github.com/derickschaefer/goisl/filesanitize.go:162.72,164.3 1 1
github.com/derickschaefer/goisl/filesanitize.go:165.2,166.16 2 1
github.com/derickschaefer/goisl/filesanitize.go:166.16,169.3 1 0
github.com/derickschaefer/goisl/filesanitize.go:170.2,170.15 1 1
github.com/derickschaefer/goisl/htmlsanitize.go:50.47,52.2 1 1
github.com/derickschaefer/goisl/htmlsanitize.go:55.51,57.2 1 1
github.com/derickschaefer/goisl/htmlsanitize.go:60.75,71.2 4 1
github.com/derickschaefer/goisl/htmlsanitize.go:74.45,76.2 1 0
github.com/derickschaefer/goisl/htmlsanitize.go:79.69,84.33 2 1
github.com/derickschaefer/goisl/htmlsanitize.go:84.33,86.3 1 1
github.com/derickschaefer/goisl/htmlsanitize.go:88.2,88.16 1 1
github.com/derickschaefer/goisl/htmlsanitize.go:92.47,96.23 3 1
github.com/derickschaefer/goisl/htmlsanitize.go:96.23,97.24 1 1
github.com/derickschaefer/goisl/htmlsanitize.go:97.24,103.45 2 1
github.com/derickschaefer/goisl/htmlsanitize.go:103.45,105.5 1 1
github.com/derickschaefer/goisl/htmlsanitize.go:107.4,107.47 1 1
github.com/derickschaefer/goisl/htmlsanitize.go:107.47,111.5 2 1
github.com/derickschaefer/goisl/htmlsanitize.go:111.10,115.5 2 0
github.com/derickschaefer/goisl/htmlsanitize.go:116.9,120.4 2 1
github.com/derickschaefer/goisl/htmlsanitize.go:123.2,123.24 1 1
github.com/derickschaefer/goisl/htmlsanitize.go:126.47,129.2 1 0
github.com/derickschaefer/goisl/htmlsanitize.go:131.51,134.2 1 0
github.com/derickschaefer/goisl/htmlsanitize.go:136.47,139.2 1 0
github.com/derickschaefer/goisl/htmlsanitize.go:142.75,146.72 2 1
github.com/derickschaefer/goisl/htmlsanitize.go:146.72,149.50 2 1
github.com/derickschaefer/goisl/htmlsanitize.go:149.50,151.4 1 1
github.com/derickschaefer/goisl/htmlsanitize.go:153.3,153.12 1 1
github.com/derickschaefer/goisl/htmlsanitize.go:157.74,160.2 1 0
github.com/derickschaefer/goisl/urlsanitize.go:33.53,35.2 1 1
github.com/derickschaefer/goisl/urlsanitize.go:38.48,40.16 2 1
github.com/derickschaefer/goisl/urlsanitize.go:40.16,41.51 1 1
github.com/derickschaefer/goisl/urlsanitize.go:43.2,43.15 1 1
github.com/derickschaefer/goisl/urlsanitize.go:47.48,50.2 1 1
