mode: set
github.com/derickschaefer/goisl/cli.go:37.119,43.2 2 1
github.com/derickschaefer/goisl/cli.go:46.53,48.2 1 1
github.com/derickschaefer/goisl/cli.go:51.48,53.16 2 1
github.com/derickschaefer/goisl/cli.go:53.16,54.52 1 1
github.com/derickschaefer/goisl/cli.go:56.2,56.12 1 0
github.com/derickschaefer/goisl/cli.go:67.107,73.2 2 1
github.com/derickschaefer/goisl/cli.go:76.42,78.2 1 1
github.com/derickschaefer/goisl/cli.go:81.46,83.2 1 1
github.com/derickschaefer/goisl/common.go:32.71,33.44 1 0
github.com/derickschaefer/goisl/common.go:33.44,34.42 1 0
github.com/derickschaefer/goisl/common.go:34.42,36.4 1 0
github.com/derickschaefer/goisl/common.go:38.2,38.14 1 0
github.com/derickschaefer/goisl/emailsanitize.go:41.55,43.2 1 1
github.com/derickschaefer/goisl/emailsanitize.go:46.50,48.16 2 1
github.com/derickschaefer/goisl/emailsanitize.go:48.16,49.53 1 1
github.com/derickschaefer/goisl/emailsanitize.go:51.2,51.15 1 1
github.com/derickschaefer/goisl/emailsanitize.go:55.66,59.20 2 1
github.com/derickschaefer/goisl/emailsanitize.go:59.20,61.3 1 1
github.com/derickschaefer/goisl/emailsanitize.go:64.2,65.17 2 1
github.com/derickschaefer/goisl/emailsanitize.go:65.17,67.3 1 1
github.com/derickschaefer/goisl/emailsanitize.go:70.2,76.16 5 1
github.com/derickschaefer/goisl/emailsanitize.go:76.16,78.3 1 0
github.com/derickschaefer/goisl/emailsanitize.go:81.2,82.16 2 1
github.com/derickschaefer/goisl/emailsanitize.go:82.16,84.3 1 1
github.com/derickschaefer/goisl/emailsanitize.go:87.2,87.17 1 1
github.com/derickschaefer/goisl/emailsanitize.go:87.17,89.17 2 1
github.com/derickschaefer/goisl/emailsanitize.go:89.17,91.4 1 1
github.com/derickschaefer/goisl/emailsanitize.go:95.2,95.34 1 1
github.com/derickschaefer/goisl/emailsanitize.go:99.54,101.70 1 1
github.com/derickschaefer/goisl/emailsanitize.go:101.70,106.34 4 1
github.com/derickschaefer/goisl/emailsanitize.go:106.34,108.4 1 0
github.com/derickschaefer/goisl/emailsanitize.go:109.3,109.28 1 1
github.com/derickschaefer/goisl/emailsanitize.go:113.2,115.19 3 1
github.com/derickschaefer/goisl/emailsanitize.go:115.19,117.3 1 0
github.com/derickschaefer/goisl/emailsanitize.go:120.2,125.19 3 1
github.com/derickschaefer/goisl/emailsanitize.go:125.19,127.3 1 0
github.com/derickschaefer/goisl/emailsanitize.go:129.2,129.21 1 1
github.com/derickschaefer/goisl/emailsanitize.go:133.56,139.18 3 1
github.com/derickschaefer/goisl/emailsanitize.go:139.18,141.3 1 0
github.com/derickschaefer/goisl/emailsanitize.go:144.2,145.25 2 1
github.com/derickschaefer/goisl/emailsanitize.go:145.25,147.3 1 1
github.com/derickschaefer/goisl/emailsanitize.go:149.2,149.33 1 1
github.com/derickschaefer/goisl/emailsanitize.go:149.33,152.26 2 1
github.com/derickschaefer/goisl/emailsanitize.go:152.26,154.4 1 0
github.com/derickschaefer/goisl/emailsanitize.go:157.2,157.43 1 1
github.com/derickschaefer/goisl/escape.go:49.69,61.17 5 1
github.com/derickschaefer/goisl/escape.go:61.17,64.3 2 1
github.com/derickschaefer/goisl/escape.go:67.2,78.14 5 1
github.com/derickschaefer/goisl/escape.go:82.42,91.2 2 1
github.com/derickschaefer/goisl/escape.go:95.76,101.17 3 1
github.com/derickschaefer/goisl/escape.go:101.17,103.3 1 1
github.com/derickschaefer/goisl/escape.go:106.2,107.16 2 1
github.com/derickschaefer/goisl/escape.go:107.16,109.3 1 1
github.com/derickschaefer/goisl/escape.go:112.2,112.25 1 1
github.com/derickschaefer/goisl/escape.go:112.25,113.102 1 1
github.com/derickschaefer/goisl/escape.go:113.102,116.4 1 1
github.com/derickschaefer/goisl/escape.go:117.3,119.17 3 0
github.com/derickschaefer/goisl/escape.go:119.17,121.4 1 0
github.com/derickschaefer/goisl/escape.go:125.2,130.43 4 1
github.com/derickschaefer/goisl/escape.go:130.43,132.3 1 1
github.com/derickschaefer/goisl/escape.go:135.2,135.17 1 1
github.com/derickschaefer/goisl/escape.go:135.17,137.17 2 1
github.com/derickschaefer/goisl/escape.go:137.17,139.4 1 0
github.com/derickschaefer/goisl/escape.go:143.2,143.56 1 1
github.com/derickschaefer/goisl/escape.go:143.56,145.3 1 0
github.com/derickschaefer/goisl/escape.go:148.2,149.47 2 1
github.com/derickschaefer/goisl/escape.go:149.47,151.3 1 1
github.com/derickschaefer/goisl/escape.go:154.2,154.27 1 1
github.com/derickschaefer/goisl/escape.go:154.27,156.3 1 1
github.com/derickschaefer/goisl/escape.go:159.2,160.26 2 1
github.com/derickschaefer/goisl/escape.go:160.26,163.3 1 1
github.com/derickschaefer/goisl/escape.go:166.2,169.22 3 1
github.com/derickschaefer/goisl/escape.go:173.53,174.30 1 1
github.com/derickschaefer/goisl/escape.go:174.30,177.34 3 1
github.com/derickschaefer/goisl/escape.go:177.34,178.33 1 1
github.com/derickschaefer/goisl/escape.go:178.33,181.19 2 1
github.com/derickschaefer/goisl/escape.go:181.19,183.6 1 0
github.com/derickschaefer/goisl/escape.go:186.5,192.54 3 1
github.com/derickschaefer/goisl/escape.go:196.3,196.48 1 1
github.com/derickschaefer/goisl/escape.go:198.2,198.12 1 1
github.com/derickschaefer/goisl/filesanitize.go:50.58,52.2 1 1
github.com/derickschaefer/goisl/filesanitize.go:55.53,57.16 2 1
github.com/derickschaefer/goisl/filesanitize.go:57.16,58.57 1 1
github.com/derickschaefer/goisl/filesanitize.go:60.2,60.15 1 1
github.com/derickschaefer/goisl/filesanitize.go:90.72,128.36 11 1
github.com/derickschaefer/goisl/filesanitize.go:128.36,130.3 1 1
github.com/derickschaefer/goisl/filesanitize.go:133.2,133.35 1 1
github.com/derickschaefer/goisl/filesanitize.go:133.35,135.3 1 1
github.com/derickschaefer/goisl/filesanitize.go:138.2,138.35 1 1
github.com/derickschaefer/goisl/filesanitize.go:138.35,140.3 1 0
github.com/derickschaefer/goisl/filesanitize.go:143.2,143.17 1 1
github.com/derickschaefer/goisl/filesanitize.go:143.17,145.17 2 1
github.com/derickschaefer/goisl/filesanitize.go:145.17,147.4 1 1
github.com/derickschaefer/goisl/filesanitize.go:148.3,148.20 1 1
github.com/derickschaefer/goisl/filesanitize.go:152.2,152.48 1 1
github.com/derickschaefer/goisl/filesanitize.go:152.48,154.3 1 0
github.com/derickschaefer/goisl/filesanitize.go:156.2,156.19 1 1
github.com/derickschaefer/goisl/filesanitize.go:160.41,161.72 1 1
github.com/derickschaefer/goisl/filesanitize.go:161.72,163.3 1 1
github.com/derickschaefer/goisl/filesanitize.go:164.2,165.16 2 1
github.com/derickschaefer/goisl/filesanitize.go:165.16,168.3 1 0
github.com/derickschaefer/goisl/filesanitize.go:169.2,169.15 1 1
github.com/derickschaefer/goisl/htmlsanitize.go:49.47,51.2 1 1
github.com/derickschaefer/goisl/htmlsanitize.go:54.51,56.2 1 1
github.com/derickschaefer/goisl/htmlsanitize.go:59.75,70.2 4 1
github.com/derickschaefer/goisl/htmlsanitize.go:73.45,75.2 1 0
github.com/derickschaefer/goisl/htmlsanitize.go:78.69,83.33 2 1
github.com/derickschaefer/goisl/htmlsanitize.go:83.33,85.3 1 1
github.com/derickschaefer/goisl/htmlsanitize.go:87.2,87.16 1 1
github.com/derickschaefer/goisl/htmlsanitize.go:91.47,95.23 3 1
github.com/derickschaefer/goisl/htmlsanitize.go:95.23,96.24 1 1
github.com/derickschaefer/goisl/htmlsanitize.go:96.24,102.45 2 1
github.com/derickschaefer/goisl/htmlsanitize.go:102.45,104.5 1 1
github.com/derickschaefer/goisl/htmlsanitize.go:106.4,106.47 1 1
github.com/derickschaefer/goisl/htmlsanitize.go:106.47,110.5 2 1
github.com/derickschaefer/goisl/htmlsanitize.go:110.10,114.5 2 0
github.com/derickschaefer/goisl/htmlsanitize.go:115.9,119.4 2 1
github.com/derickschaefer/goisl/htmlsanitize.go:122.2,122.24 1 1
github.com/derickschaefer/goisl/htmlsanitize.go:125.47,128.2 1 0
github.com/derickschaefer/goisl/htmlsanitize.go:130.51,133.2 1 0
github.com/derickschaefer/goisl/htmlsanitize.go:135.47,138.2 1 0
github.com/derickschaefer/goisl/htmlsanitize.go:141.75,145.72 2 1
github.com/derickschaefer/goisl/htmlsanitize.go:145.72,148.50 2 1
github.com/derickschaefer/goisl/htmlsanitize.go:148.50,150.4 1 1
github.com/derickschaefer/goisl/htmlsanitize.go:152.3,152.12 1 1
github.com/derickschaefer/goisl/htmlsanitize.go:156.74,159.2 1 0
github.com/derickschaefer/goisl/urlsanitize.go:32.53,34.2 1 1
github.com/derickschaefer/goisl/urlsanitize.go:37.48,39.16 2 1
github.com/derickschaefer/goisl/urlsanitize.go:39.16,40.51 1 1
github.com/derickschaefer/goisl/urlsanitize.go:42.2,42.15 1 1
github.com/derickschaefer/goisl/urlsanitize.go:46.48,49.2 1 1
